20230127	11:36:48	1853ed16-2a62-42a3-8a17-f867521dfd48	GET	/	undefined
20230127	11:36:48	0e721f65-c641-41de-ac94-f5511b38e3c2	GET	/favicon.ico	undefined
20230127	11:36:56	42badc6b-18c5-4654-8a94-d89645881f3b	GET	/users	undefined
20230127	11:37:23	d826b682-be78-4307-9f2a-f2660b651288	GET	/users	undefined
20230127	11:37:37	4e59acb8-e96d-40bc-8b77-56279596c9ed	GET	/users	undefined
20230127	11:38:39	f8b2a6d5-e33c-498e-a689-d54eec5bd588	GET	/users	undefined
20230127	11:43:42	b21789d3-793e-405e-b228-bda10809942a	GET	/users	undefined
20230127	11:54:50	b7028062-1b16-4eb3-809e-0394c4cd1235	GET	/users	undefined
20230127	11:55:33	0f6d6bd8-fc14-43fb-b2dd-fe0b8af0162d	GET	/users	undefined
20230127	11:55:34	4351d9f5-dd08-41bd-8b1c-4aeecd81fd5b	GET	/users	undefined
20230127	11:55:35	69af5d43-8088-4cfe-ae1b-55c756447938	GET	/users	undefined
20230127	11:56:59	de8e496f-018f-4b78-89c7-f3b42d9e5a6d	GET	/users	undefined
20230127	11:57:52	d78f2d6d-d1d5-48d7-80ae-26c6a92d2665	GET	/users	undefined
20230127	11:58:23	361ee923-78ef-4485-ac6e-d67b6ee23642	GET	/users	undefined
20230127	11:58:31	087c9a73-e2a3-4dd2-a2fd-132ada54d5fa	GET	/users	undefined
20230127	11:59:38	c084954b-32eb-4131-a38c-0f2ab3d326e6	GET	/users	undefined
20230127	12:00:23	63973d4d-19ea-4683-b9d3-9e4304417060	GET	/users	undefined
20230127	12:02:15	6f7aec10-2ea2-443e-88b8-819b03f9fd4f	POST	/auth	undefined
20230127	12:02:58	95a08c35-5cd1-49ba-9cb0-d50aca50689e	GET	/users	undefined
20230127	12:13:54	ca7272b4-6d94-433c-aedd-b483c50fcfd5	GET	/users	undefined
20230127	12:14:50	b2ee02fb-5b82-433b-be73-895be8bc3f0d	GET	/users	undefined
